<?xml version="1.0" encoding="UTF-8"?>
<testng-results ignored="0" total="1" passed="1" failed="0" skipped="0">
  <reporter-output>
  </reporter-output>
  <suite started-at="2025-12-23T22:02:19 IST" name="Default suite" finished-at="2025-12-23T22:02:21 IST" duration-ms="1222">
    <groups>
    </groups>
    <test started-at="2025-12-23T22:02:19 IST" name="Default test" finished-at="2025-12-23T22:02:21 IST" duration-ms="1222">
      <class name="Utilities.FetchDataFromExcel">
        <test-method signature="getURL()[pri:0, instance:Utilities.FetchDataFromExcel@7c711375]" started-at="2025-12-23T22:02:19 IST" name="getURL" finished-at="2025-12-23T22:02:21 IST" duration-ms="1153" status="PASS">
          <reporter-output>
          </reporter-output>
        </test-method> <!-- getURL -->
      </class> <!-- Utilities.FetchDataFromExcel -->
    </test> <!-- Default test -->
  </suite> <!-- Default suite -->
</testng-results>
