<?xml version="1.0" encoding="UTF-8"?>
<!-- Generated by org.testng.reporters.JUnitReportReporter -->
<testsuite hostname="DESKTOP-0JUCL5O" failures="0" tests="1" name="ScratchGroSkillBatch4.ScratchGroSkillBatch4.AppTest" time="0.038" errors="0" timestamp="2026-02-08T07:33:44 IST" skipped="0">
  <testcase classname="ScratchGroSkillBatch4.ScratchGroSkillBatch4.AppTest" name="shouldAnswerWithTrue" time="0.038"/>
  <system-out/>
</testsuite> <!-- ScratchGroSkillBatch4.ScratchGroSkillBatch4.AppTest -->
